<?xml version="1.0" encoding="UTF-8"?>
<!-- Generated by org.testng.reporters.JUnitReportReporter -->
<testsuite hostname="DESKTOP-S59UCKE" failures="0" tests="1" name="BDDRestAssured.Demo1_GET_Request" time="3.701" errors="0" timestamp="2021-05-26T02:36:18 IST" skipped="0">
  <testcase classname="BDDRestAssured.Demo1_GET_Request" name="getEmployeeDetails" time="3.701"/>
  <system-out/>
</testsuite> <!-- BDDRestAssured.Demo1_GET_Request -->
