<?xml version="1.0" encoding="UTF-8"?>
<!-- Generated by org.testng.reporters.JUnitReportReporter -->
<testsuite hostname="DESKTOP-S59UCKE" failures="0" tests="2" name="GetRequest.GetData" time="2.336" errors="0" timestamp="2021-05-26T02:32:39 IST" skipped="0">
  <testcase classname="GetRequest.GetData" name="testResponseCode" time="0.324"/>
  <system-out/>
  <testcase classname="GetRequest.GetData" name="testBody" time="2.012"/>
  <system-out/>
</testsuite> <!-- GetRequest.GetData -->
